[0m17:48:41.638776 [debug] [MainThread]: Sending event: {'category': 'dbt', 'action': 'invocation', 'label': 'start', 'context': [<snowplow_tracker.self_describing_json.SelfDescribingJson object at 0x7f7b475a1250>, <snowplow_tracker.self_describing_json.SelfDescribingJson object at 0x7f7b4527bda0>, <snowplow_tracker.self_describing_json.SelfDescribingJson object at 0x7f7b4527a3c0>]}


============================== 17:48:41.643513 | e1ced9c4-6d56-4bb7-abd4-71e9b31eb1f5 ==============================
[0m17:48:41.643513 [info ] [MainThread]: Running with dbt=1.11.6
[0m17:48:41.644208 [debug] [MainThread]: running dbt with arguments {'empty': 'None', 'use_colors': 'True', 'write_json': 'True', 'warn_error': 'None', 'cache_selected_only': 'False', 'static_parser': 'True', 'printer_width': '80', 'version_check': 'True', 'log_path': 'logs', 'send_anonymous_usage_stats': 'True', 'quiet': 'False', 'partial_parse': 'True', 'debug': 'False', 'introspect': 'True', 'log_format': 'default', 'no_print': 'None', 'log_cache_events': 'False', 'target_path': 'None', 'indirect_selection': 'eager', 'use_experimental_parser': 'False', 'fail_fast': 'False', 'invocation_command': 'dbt init', 'warn_error_options': 'WarnErrorOptionsV2(error=[], warn=[], silence=[])', 'profiles_dir': '/home/ram/.dbt'}
[0m17:49:30.956973 [debug] [MainThread]: Starter project path: /home/ram/ecommerce_casestudy/venv/lib/python3.12/site-packages/dbt/include/starter_project
[0m17:49:30.965742 [info ] [MainThread]: 
Your new dbt project "olist_ecommerce" was created!

For more information on how to configure the profiles.yml file,
please consult the dbt documentation here:

  https://docs.getdbt.com/docs/configure-your-profile

One more thing:

Need help? Don't hesitate to reach out to us via GitHub issues or on Slack:

  https://community.getdbt.com/

Happy modeling!

[0m17:49:30.966196 [info ] [MainThread]: Setting up your profile.
[0m17:49:49.860229 [debug] [MainThread]: Snowflake adapter: Setting snowflake.connector to ERROR (file logging only)
[0m17:49:49.860828 [debug] [MainThread]: Snowflake adapter: Setting botocore to ERROR (file logging only)
[0m17:49:49.861255 [debug] [MainThread]: Snowflake adapter: Setting boto3 to ERROR (file logging only)
[0m17:55:13.408762 [info ] [MainThread]: Profile olist_ecommerce written to /home/ram/.dbt/profiles.yml using target's profile_template.yml and your supplied values. Run 'dbt debug' to validate the connection.
[0m17:55:13.416012 [debug] [MainThread]: Resource report: {"command_name": "init", "command_success": true, "command_wall_clock_time": 393.24814, "process_in_blocks": "146640", "process_kernel_time": 0.503938, "process_mem_max_rss": "169380", "process_out_blocks": "88", "process_user_time": 2.570086}
[0m17:55:13.418899 [debug] [MainThread]: Command `dbt init` succeeded at 17:55:13.418528 after 393.25 seconds
[0m17:55:13.419504 [debug] [MainThread]: Sending event: {'category': 'dbt', 'action': 'invocation', 'label': 'end', 'context': [<snowplow_tracker.self_describing_json.SelfDescribingJson object at 0x7f7b4701adb0>, <snowplow_tracker.self_describing_json.SelfDescribingJson object at 0x7f7b1ea171a0>, <snowplow_tracker.self_describing_json.SelfDescribingJson object at 0x7f7b1fc3e0c0>]}
[0m17:55:13.420045 [debug] [MainThread]: Flushing usage events
[0m17:55:14.043600 [debug] [MainThread]: An error was encountered while trying to flush usage events
[0m18:34:46.634603 [debug] [MainThread]: Sending event: {'category': 'dbt', 'action': 'invocation', 'label': 'start', 'context': [<snowplow_tracker.self_describing_json.SelfDescribingJson object at 0x7f38596f0440>, <snowplow_tracker.self_describing_json.SelfDescribingJson object at 0x7f3858a8a840>, <snowplow_tracker.self_describing_json.SelfDescribingJson object at 0x7f3859806870>]}


============================== 18:34:46.640509 | 20f4b86a-6267-463f-900a-8930372e2fef ==============================
[0m18:34:46.640509 [info ] [MainThread]: Running with dbt=1.11.6
[0m18:34:46.640971 [debug] [MainThread]: running dbt with arguments {'target_path': 'None', 'log_format': 'default', 'log_path': 'logs', 'invocation_command': 'dbt debug', 'debug': 'False', 'printer_width': '80', 'write_json': 'True', 'quiet': 'False', 'introspect': 'True', 'profiles_dir': '/home/ram/.dbt', 'cache_selected_only': 'False', 'static_parser': 'True', 'fail_fast': 'False', 'use_experimental_parser': 'False', 'indirect_selection': 'eager', 'empty': 'None', 'send_anonymous_usage_stats': 'True', 'warn_error': 'None', 'partial_parse': 'True', 'log_cache_events': 'False', 'warn_error_options': 'WarnErrorOptionsV2(error=[], warn=[], silence=[])', 'version_check': 'True', 'use_colors': 'True', 'no_print': 'None'}
[0m18:34:46.658593 [info ] [MainThread]: dbt version: 1.11.6
[0m18:34:46.658962 [info ] [MainThread]: python version: 3.12.3
[0m18:34:46.659212 [info ] [MainThread]: python path: /home/ram/ecommerce_casestudy/venv/bin/python3
[0m18:34:46.659426 [info ] [MainThread]: os info: Linux-5.15.167.4-microsoft-standard-WSL2-x86_64-with-glibc2.39
[0m18:34:47.606467 [debug] [MainThread]: Snowflake adapter: Setting snowflake.connector to ERROR (file logging only)
[0m18:34:47.606843 [debug] [MainThread]: Snowflake adapter: Setting botocore to ERROR (file logging only)
[0m18:34:47.607037 [debug] [MainThread]: Snowflake adapter: Setting boto3 to ERROR (file logging only)
[0m18:34:47.654454 [info ] [MainThread]: Using profiles dir at /home/ram/.dbt
[0m18:34:47.654855 [info ] [MainThread]: Using profiles.yml file at /home/ram/.dbt/profiles.yml
[0m18:34:47.655151 [info ] [MainThread]: Using dbt_project.yml file at /home/ram/ecommerce_casestudy/dbt_project.yml
[0m18:34:47.659031 [info ] [MainThread]: adapter type: snowflake
[0m18:34:47.659713 [info ] [MainThread]: adapter version: 1.11.2
[0m18:34:47.659945 [info ] [MainThread]: Configuration:
[0m18:34:47.660119 [info ] [MainThread]:   profiles.yml file [[32mOK found and valid[0m]
[0m18:34:47.660281 [info ] [MainThread]:   dbt_project.yml file [[31mERROR not found[0m]
[0m18:34:47.660433 [info ] [MainThread]: Required dependencies:
[0m18:34:47.660610 [debug] [MainThread]: Executing "git --help"
[0m18:34:47.684901 [debug] [MainThread]: STDOUT: "b"usage: git [-v | --version] [-h | --help] [-C <path>] [-c <name>=<value>]\n           [--exec-path[=<path>]] [--html-path] [--man-path] [--info-path]\n           [-p | --paginate | -P | --no-pager] [--no-replace-objects] [--bare]\n           [--git-dir=<path>] [--work-tree=<path>] [--namespace=<name>]\n           [--config-env=<name>=<envvar>] <command> [<args>]\n\nThese are common Git commands used in various situations:\n\nstart a working area (see also: git help tutorial)\n   clone     Clone a repository into a new directory\n   init      Create an empty Git repository or reinitialize an existing one\n\nwork on the current change (see also: git help everyday)\n   add       Add file contents to the index\n   mv        Move or rename a file, a directory, or a symlink\n   restore   Restore working tree files\n   rm        Remove files from the working tree and from the index\n\nexamine the history and state (see also: git help revisions)\n   bisect    Use binary search to find the commit that introduced a bug\n   diff      Show changes between commits, commit and working tree, etc\n   grep      Print lines matching a pattern\n   log       Show commit logs\n   show      Show various types of objects\n   status    Show the working tree status\n\ngrow, mark and tweak your common history\n   branch    List, create, or delete branches\n   commit    Record changes to the repository\n   merge     Join two or more development histories together\n   rebase    Reapply commits on top of another base tip\n   reset     Reset current HEAD to the specified state\n   switch    Switch branches\n   tag       Create, list, delete or verify a tag object signed with GPG\n\ncollaborate (see also: git help workflows)\n   fetch     Download objects and refs from another repository\n   pull      Fetch from and integrate with another repository or a local branch\n   push      Update remote refs along with associated objects\n\n'git help -a' and 'git help -g' list available subcommands and some\nconcept guides. See 'git help <command>' or 'git help <concept>'\nto read about a specific subcommand or concept.\nSee 'git help git' for an overview of the system.\n""
[0m18:34:47.685287 [debug] [MainThread]: STDERR: "b''"
[0m18:34:47.685474 [info ] [MainThread]:  - git [[32mOK found[0m]

[0m18:34:47.685853 [info ] [MainThread]: Connection:
[0m18:34:47.686234 [info ] [MainThread]:   account: IHERLNI-JVB87139
[0m18:34:47.686557 [info ] [MainThread]:   user: ramp17
[0m18:34:47.686826 [info ] [MainThread]:   database: OLIST_DB
[0m18:34:47.686989 [info ] [MainThread]:   warehouse: OLIST-WH
[0m18:34:47.687150 [info ] [MainThread]:   role: ACCOUNTADMIN
[0m18:34:47.687300 [info ] [MainThread]:   schema: RAW
[0m18:34:47.687461 [info ] [MainThread]:   authenticator: None
[0m18:34:47.687643 [info ] [MainThread]:   oauth_client_id: None
[0m18:34:47.688197 [info ] [MainThread]:   query_tag: None
[0m18:34:47.688765 [info ] [MainThread]:   client_session_keep_alive: False
[0m18:34:47.689277 [info ] [MainThread]:   host: None
[0m18:34:47.689690 [info ] [MainThread]:   port: None
[0m18:34:47.689961 [info ] [MainThread]:   proxy_host: None
[0m18:34:47.690252 [info ] [MainThread]:   proxy_port: None
[0m18:34:47.690530 [info ] [MainThread]:   protocol: None
[0m18:34:47.690794 [info ] [MainThread]:   connect_retries: 1
[0m18:34:47.690945 [info ] [MainThread]:   connect_timeout: None
[0m18:34:47.691089 [info ] [MainThread]:   retry_on_database_errors: False
[0m18:34:47.691236 [info ] [MainThread]:   retry_all: False
[0m18:34:47.691380 [info ] [MainThread]:   insecure_mode: False
[0m18:34:47.691503 [info ] [MainThread]:   reuse_connections: True
[0m18:34:47.691665 [info ] [MainThread]:   s3_stage_vpce_dns_name: None
[0m18:34:47.691821 [info ] [MainThread]:   platform_detection_timeout_seconds: 0.0
[0m18:34:47.692099 [info ] [MainThread]: Registered adapter: snowflake=1.11.2
[0m18:34:47.748849 [debug] [MainThread]: Acquiring new snowflake connection 'debug'
[0m18:34:47.780571 [debug] [MainThread]: Using snowflake connection "debug"
[0m18:34:47.780890 [debug] [MainThread]: On debug: select 1 as id
[0m18:34:47.781083 [debug] [MainThread]: Opening a new connection, currently in state init
[0m18:34:48.810006 [debug] [MainThread]: Snowflake adapter: Error running SQL: select 1 as id
[0m18:34:48.810858 [debug] [MainThread]: Snowflake adapter: Rolling back transaction.
[0m18:34:48.811560 [info ] [MainThread]:   Connection test: [[31mERROR[0m]

[0m18:34:48.812515 [info ] [MainThread]: [31m2 checks failed:[0m
[0m18:34:48.813115 [info ] [MainThread]: Project loading failed for the following reason:
 project path </home/ram/ecommerce_casestudy/dbt_project.yml> not found

[0m18:34:48.813628 [info ] [MainThread]: dbt was unable to connect to the specified database.
The database returned the following error:

  >Database Error
  250001: Could not connect to Snowflake backend after 2 attempt(s).Aborting

Check your database credentials and try again. For more information, visit:
https://docs.getdbt.com/docs/configure-your-profile


[0m18:34:48.820628 [debug] [MainThread]: Resource report: {"command_name": "debug", "command_success": false, "command_wall_clock_time": 2.2274044, "process_in_blocks": "150768", "process_kernel_time": 0.400144, "process_mem_max_rss": "176020", "process_out_blocks": "24", "process_user_time": 2.596062}
[0m18:34:48.821353 [debug] [MainThread]: Command `dbt debug` failed at 18:34:48.821211 after 2.23 seconds
[0m18:34:48.821898 [debug] [MainThread]: Connection 'debug' was left open.
[0m18:34:48.822250 [debug] [MainThread]: On debug: No close available on handle
[0m18:34:48.822598 [debug] [MainThread]: Sending event: {'category': 'dbt', 'action': 'invocation', 'label': 'end', 'context': [<snowplow_tracker.self_describing_json.SelfDescribingJson object at 0x7f3858e7ac00>, <snowplow_tracker.self_describing_json.SelfDescribingJson object at 0x7f3834e6be00>, <snowplow_tracker.self_describing_json.SelfDescribingJson object at 0x7f3831ecd3d0>]}
[0m18:34:48.823074 [debug] [MainThread]: Flushing usage events
[0m18:34:49.196385 [debug] [MainThread]: An error was encountered while trying to flush usage events
[0m18:48:04.293954 [debug] [MainThread]: Sending event: {'category': 'dbt', 'action': 'invocation', 'label': 'start', 'context': [<snowplow_tracker.self_describing_json.SelfDescribingJson object at 0x7f09d4ba3c20>, <snowplow_tracker.self_describing_json.SelfDescribingJson object at 0x7f09d4ba2120>, <snowplow_tracker.self_describing_json.SelfDescribingJson object at 0x7f09d474e3f0>]}


============================== 18:48:04.298494 | 5e3e316b-4f6d-4709-90cd-3d06a731d445 ==============================
[0m18:48:04.298494 [info ] [MainThread]: Running with dbt=1.11.6
[0m18:48:04.298906 [debug] [MainThread]: running dbt with arguments {'indirect_selection': 'eager', 'log_cache_events': 'False', 'version_check': 'True', 'use_colors': 'True', 'use_experimental_parser': 'False', 'cache_selected_only': 'False', 'log_format': 'default', 'quiet': 'False', 'printer_width': '80', 'partial_parse': 'True', 'invocation_command': 'dbt debug', 'static_parser': 'True', 'warn_error': 'None', 'empty': 'None', 'target_path': 'None', 'warn_error_options': 'WarnErrorOptionsV2(error=[], warn=[], silence=[])', 'debug': 'False', 'profiles_dir': '/home/ram/.dbt', 'introspect': 'True', 'fail_fast': 'False', 'log_path': 'logs', 'write_json': 'True', 'send_anonymous_usage_stats': 'True', 'no_print': 'None'}
[0m18:48:04.315782 [info ] [MainThread]: dbt version: 1.11.6
[0m18:48:04.316117 [info ] [MainThread]: python version: 3.12.3
[0m18:48:04.316327 [info ] [MainThread]: python path: /home/ram/ecommerce_casestudy/venv/bin/python3
[0m18:48:04.316516 [info ] [MainThread]: os info: Linux-5.15.167.4-microsoft-standard-WSL2-x86_64-with-glibc2.39
[0m18:48:05.179412 [debug] [MainThread]: Snowflake adapter: Setting snowflake.connector to ERROR (file logging only)
[0m18:48:05.179756 [debug] [MainThread]: Snowflake adapter: Setting botocore to ERROR (file logging only)
[0m18:48:05.180023 [debug] [MainThread]: Snowflake adapter: Setting boto3 to ERROR (file logging only)
[0m18:48:05.227252 [info ] [MainThread]: Using profiles dir at /home/ram/.dbt
[0m18:48:05.227708 [info ] [MainThread]: Using profiles.yml file at /home/ram/.dbt/profiles.yml
[0m18:48:05.227988 [info ] [MainThread]: Using dbt_project.yml file at /home/ram/ecommerce_casestudy/dbt_project.yml
[0m18:48:05.231307 [info ] [MainThread]: adapter type: snowflake
[0m18:48:05.231633 [info ] [MainThread]: adapter version: 1.11.2
[0m18:48:05.231878 [info ] [MainThread]: Configuration:
[0m18:48:05.232091 [info ] [MainThread]:   profiles.yml file [[32mOK found and valid[0m]
[0m18:48:05.232359 [info ] [MainThread]:   dbt_project.yml file [[31mERROR not found[0m]
[0m18:48:05.232571 [info ] [MainThread]: Required dependencies:
[0m18:48:05.232801 [debug] [MainThread]: Executing "git --help"
[0m18:48:05.257286 [debug] [MainThread]: STDOUT: "b"usage: git [-v | --version] [-h | --help] [-C <path>] [-c <name>=<value>]\n           [--exec-path[=<path>]] [--html-path] [--man-path] [--info-path]\n           [-p | --paginate | -P | --no-pager] [--no-replace-objects] [--bare]\n           [--git-dir=<path>] [--work-tree=<path>] [--namespace=<name>]\n           [--config-env=<name>=<envvar>] <command> [<args>]\n\nThese are common Git commands used in various situations:\n\nstart a working area (see also: git help tutorial)\n   clone     Clone a repository into a new directory\n   init      Create an empty Git repository or reinitialize an existing one\n\nwork on the current change (see also: git help everyday)\n   add       Add file contents to the index\n   mv        Move or rename a file, a directory, or a symlink\n   restore   Restore working tree files\n   rm        Remove files from the working tree and from the index\n\nexamine the history and state (see also: git help revisions)\n   bisect    Use binary search to find the commit that introduced a bug\n   diff      Show changes between commits, commit and working tree, etc\n   grep      Print lines matching a pattern\n   log       Show commit logs\n   show      Show various types of objects\n   status    Show the working tree status\n\ngrow, mark and tweak your common history\n   branch    List, create, or delete branches\n   commit    Record changes to the repository\n   merge     Join two or more development histories together\n   rebase    Reapply commits on top of another base tip\n   reset     Reset current HEAD to the specified state\n   switch    Switch branches\n   tag       Create, list, delete or verify a tag object signed with GPG\n\ncollaborate (see also: git help workflows)\n   fetch     Download objects and refs from another repository\n   pull      Fetch from and integrate with another repository or a local branch\n   push      Update remote refs along with associated objects\n\n'git help -a' and 'git help -g' list available subcommands and some\nconcept guides. See 'git help <command>' or 'git help <concept>'\nto read about a specific subcommand or concept.\nSee 'git help git' for an overview of the system.\n""
[0m18:48:05.257863 [debug] [MainThread]: STDERR: "b''"
[0m18:48:05.258091 [info ] [MainThread]:  - git [[32mOK found[0m]

[0m18:48:05.258461 [info ] [MainThread]: Connection:
[0m18:48:05.258863 [info ] [MainThread]:   account: IHERLNI-JVB87139
[0m18:48:05.259166 [info ] [MainThread]:   user: RAMP17
[0m18:48:05.259432 [info ] [MainThread]:   database: OLIST_DB
[0m18:48:05.259655 [info ] [MainThread]:   warehouse: OLIST-WH
[0m18:48:05.259851 [info ] [MainThread]:   role: ACCOUNTADMIN
[0m18:48:05.260103 [info ] [MainThread]:   schema: RAW
[0m18:48:05.260312 [info ] [MainThread]:   authenticator: None
[0m18:48:05.260532 [info ] [MainThread]:   oauth_client_id: None
[0m18:48:05.260724 [info ] [MainThread]:   query_tag: None
[0m18:48:05.260910 [info ] [MainThread]:   client_session_keep_alive: False
[0m18:48:05.261073 [info ] [MainThread]:   host: None
[0m18:48:05.261255 [info ] [MainThread]:   port: None
[0m18:48:05.261434 [info ] [MainThread]:   proxy_host: None
[0m18:48:05.261597 [info ] [MainThread]:   proxy_port: None
[0m18:48:05.261751 [info ] [MainThread]:   protocol: None
[0m18:48:05.261923 [info ] [MainThread]:   connect_retries: 1
[0m18:48:05.262069 [info ] [MainThread]:   connect_timeout: None
[0m18:48:05.262238 [info ] [MainThread]:   retry_on_database_errors: False
[0m18:48:05.262397 [info ] [MainThread]:   retry_all: False
[0m18:48:05.262568 [info ] [MainThread]:   insecure_mode: False
[0m18:48:05.262710 [info ] [MainThread]:   reuse_connections: True
[0m18:48:05.262868 [info ] [MainThread]:   s3_stage_vpce_dns_name: None
[0m18:48:05.263031 [info ] [MainThread]:   platform_detection_timeout_seconds: 0.0
[0m18:48:05.263320 [info ] [MainThread]: Registered adapter: snowflake=1.11.2
[0m18:48:05.317294 [debug] [MainThread]: Acquiring new snowflake connection 'debug'
[0m18:48:05.335141 [debug] [MainThread]: Using snowflake connection "debug"
[0m18:48:05.335415 [debug] [MainThread]: On debug: select 1 as id
[0m18:48:05.335567 [debug] [MainThread]: Opening a new connection, currently in state init
[0m18:48:06.374033 [debug] [MainThread]: Snowflake adapter: Error running SQL: select 1 as id
[0m18:48:06.374804 [debug] [MainThread]: Snowflake adapter: Rolling back transaction.
[0m18:48:06.375325 [info ] [MainThread]:   Connection test: [[31mERROR[0m]

[0m18:48:06.376003 [info ] [MainThread]: [31m2 checks failed:[0m
[0m18:48:06.376541 [info ] [MainThread]: Project loading failed for the following reason:
 project path </home/ram/ecommerce_casestudy/dbt_project.yml> not found

[0m18:48:06.377651 [info ] [MainThread]: dbt was unable to connect to the specified database.
The database returned the following error:

  >Database Error
  250001: Could not connect to Snowflake backend after 2 attempt(s).Aborting

Check your database credentials and try again. For more information, visit:
https://docs.getdbt.com/docs/configure-your-profile


[0m18:48:06.381620 [debug] [MainThread]: Resource report: {"command_name": "debug", "command_success": false, "command_wall_clock_time": 2.12752, "process_in_blocks": "168224", "process_kernel_time": 0.320701, "process_mem_max_rss": "174008", "process_out_blocks": "16", "process_user_time": 2.522854}
[0m18:48:06.382257 [debug] [MainThread]: Command `dbt debug` failed at 18:48:06.382133 after 2.13 seconds
[0m18:48:06.382562 [debug] [MainThread]: Connection 'debug' was left open.
[0m18:48:06.382800 [debug] [MainThread]: On debug: No close available on handle
[0m18:48:06.383036 [debug] [MainThread]: Sending event: {'category': 'dbt', 'action': 'invocation', 'label': 'end', 'context': [<snowplow_tracker.self_describing_json.SelfDescribingJson object at 0x7f09ad04d4c0>, <snowplow_tracker.self_describing_json.SelfDescribingJson object at 0x7f09ad04dca0>, <snowplow_tracker.self_describing_json.SelfDescribingJson object at 0x7f09ad04d520>]}
[0m18:48:06.383377 [debug] [MainThread]: Flushing usage events
[0m18:48:06.807577 [debug] [MainThread]: An error was encountered while trying to flush usage events
